<?xml version="1.0" encoding="UTF-8"?>
<robot generator="Robot 4.1.3 (Python 3.10.2 on win32)" generated="20220530 12:36:49.542" rpa="false" schemaversion="2">
<suite id="s1" name="Click" source="C:\qaninja\automation\testes\browser\click.robot">
<test id="s1-t1" name="Click Panel One Buttons">
<kw name="Open Session" library="base">
<kw name="New Browser" library="Browser">
<arg>chromium</arg>
<arg>False</arg>
<tag>BrowserControl</tag>
<tag>Setter</tag>
<doc>Create a new playwright Browser with specified options.</doc>
<msg timestamp="20220530 12:36:52.702" level="INFO">{"browser": "chromium", "headless": false, "handleSIGINT": true, "handleSIGTERM": true, "handleSIGHUP": true, "timeout": 30000.0, "devtools": false, "slowMo": 0.0, "tracesDir": "C:\\qaninja\\automation\\testes\\browser\\browser\\traces\\b0139017-a146-4a8f-a8a2-1b4b90580b01"}</msg>
<msg timestamp="20220530 12:36:55.885" level="INFO">Successfully created browser with options: {"browser":"chromium","headless":false,"handleSIGINT":true,"handleSIGTERM":true,"handleSIGHUP":true,"timeout":30000,"devtools":false,"slowMo":0,"tracesDir":"C:\\qaninja\\automation\\testes\\browser\\browser\\traces\\b0139017-a146-4a8f-a8a2-1b4b90580b01"}</msg>
<status status="PASS" starttime="20220530 12:36:52.701" endtime="20220530 12:36:55.886"/>
</kw>
<kw name="Start Video Recording" library="ScreenCapLibrary">
<doc>Starts the recording of a video in the background with the specified ``name``.
The recording can be stopped by calling the `Stop Video Recording` keyword.</doc>
<msg timestamp="20220530 12:36:58.129" level="INFO">Automatically setting a fps of 11.5</msg>
<status status="PASS" starttime="20220530 12:36:55.886" endtime="20220530 12:36:58.134"/>
</kw>
<kw name="New Page" library="Browser">
<arg>https://wj-qa-automation-test.github.io/qa-test/</arg>
<tag>BrowserControl</tag>
<tag>Setter</tag>
<doc>Open a new Page.</doc>
<msg timestamp="20220530 12:37:23.116" level="INFO">Successfully initialized new page object and opened url: https://wj-qa-automation-test.github.io/qa-test/</msg>
<msg timestamp="20220530 12:37:23.117" level="INFO">No context was open. New context was automatically opened when this page is created.</msg>
<status status="PASS" starttime="20220530 12:36:58.134" endtime="20220530 12:37:23.118"/>
</kw>
<status status="PASS" starttime="20220530 12:36:52.701" endtime="20220530 12:37:23.118"/>
</kw>
<kw name="Click Panel One" library="base">
<kw name="Get Element" library="Browser">
<arg>//div[contains(@id,'panel_body_one')]</arg>
<tag>Getter</tag>
<tag>PageContent</tag>
<doc>Returns a reference to a Playwright [https://playwright.dev/docs/api/class-locator|Locator].</doc>
<msg timestamp="20220530 12:37:23.250" level="INFO">Locator found successfully.</msg>
<status status="PASS" starttime="20220530 12:37:23.125" endtime="20220530 12:37:23.251"/>
</kw>
<kw name="Click" library="Browser">
<arg>//div[contains(@id,'panel_body_one')]//p//button[@id='btn_one']</arg>
<tag>PageContent</tag>
<tag>Setter</tag>
<doc>Simulates mouse click on the element found by ``selector``.</doc>
<status status="PASS" starttime="20220530 12:37:23.252" endtime="20220530 12:37:23.417"/>
</kw>
<kw name="Click" library="Browser">
<arg>//div[contains(@id,'panel_body_one')]//p//button[@id='btn_two']</arg>
<tag>PageContent</tag>
<tag>Setter</tag>
<doc>Simulates mouse click on the element found by ``selector``.</doc>
<status status="PASS" starttime="20220530 12:37:23.417" endtime="20220530 12:37:23.712"/>
</kw>
<kw name="Click" library="Browser">
<arg>//div[contains(@id,'panel_body_one')]//p//button[@id='btn_link']</arg>
<tag>PageContent</tag>
<tag>Setter</tag>
<doc>Simulates mouse click on the element found by ``selector``.</doc>
<status status="PASS" starttime="20220530 12:37:23.712" endtime="20220530 12:37:23.995"/>
</kw>
<status status="PASS" starttime="20220530 12:37:23.124" endtime="20220530 12:37:23.996"/>
</kw>
<kw name="Check Panel One" library="base">
<kw name="Get Style" library="Browser">
<arg>//div[contains(@id,'panel_body_one')]//p//button[@id='btn_one']</arg>
<arg>none</arg>
<tag>Assertion</tag>
<tag>Getter</tag>
<tag>PageContent</tag>
<doc>Gets the computed style properties of the element selected by ``selector``.</doc>
<msg timestamp="20220530 12:37:24.131" level="INFO">Value of key: none</msg>
<msg timestamp="20220530 12:37:24.131" level="INFO">Value of selected property: NOT_FOUND</msg>
<status status="PASS" starttime="20220530 12:37:24.004" endtime="20220530 12:37:24.131"/>
</kw>
<kw name="Get Style" library="Browser">
<arg>//div[contains(@id,'panel_body_one')]//p//button[@id='btn_two']</arg>
<arg>none</arg>
<tag>Assertion</tag>
<tag>Getter</tag>
<tag>PageContent</tag>
<doc>Gets the computed style properties of the element selected by ``selector``.</doc>
<msg timestamp="20220530 12:37:24.214" level="INFO">Value of key: none</msg>
<msg timestamp="20220530 12:37:24.214" level="INFO">Value of selected property: NOT_FOUND</msg>
<status status="PASS" starttime="20220530 12:37:24.132" endtime="20220530 12:37:24.214"/>
</kw>
<kw name="Get Style" library="Browser">
<arg>//div[contains(@id,'panel_body_one')]//p//button[@id='btn_link']</arg>
<arg>none</arg>
<tag>Assertion</tag>
<tag>Getter</tag>
<tag>PageContent</tag>
<doc>Gets the computed style properties of the element selected by ``selector``.</doc>
<msg timestamp="20220530 12:37:24.294" level="INFO">Value of key: none</msg>
<msg timestamp="20220530 12:37:24.295" level="INFO">Value of selected property: NOT_FOUND</msg>
<status status="PASS" starttime="20220530 12:37:24.215" endtime="20220530 12:37:24.295"/>
</kw>
<status status="PASS" starttime="20220530 12:37:24.001" endtime="20220530 12:37:24.296"/>
</kw>
<kw name="Sleep" library="BuiltIn">
<arg>2</arg>
<doc>Pauses the test executed for the given time.</doc>
<msg timestamp="20220530 12:37:26.311" level="INFO">Slept 2 seconds</msg>
<status status="PASS" starttime="20220530 12:37:24.299" endtime="20220530 12:37:26.311"/>
</kw>
<kw name="Close Session" library="base">
<kw name="Take Screenshot" library="ScreenCapLibrary">
<doc>Takes a screenshot in the specified format at library import and
embeds it into the log file (PNG by default).</doc>
<msg timestamp="20220530 12:37:26.471" level="INFO" html="true">&lt;a href="screenshot_4.png"&gt;&lt;img src="screenshot_4.png" width="800px"&gt;&lt;/a&gt;</msg>
<status status="PASS" starttime="20220530 12:37:26.313" endtime="20220530 12:37:26.472"/>
</kw>
<kw name="Stop Video Recording" library="ScreenCapLibrary">
<doc>Stops the video recording corresponding to the given ``alias`` and generates the file in WebM format. If no
``alias`` is specified, the last opened recording will be closed. If there are more recordings with the same
alias all of them will be closed. If ``embed`` argument was set to
``True`` the video will be displayed in the log file.
Furthermore, if the ``save_to_disk`` parameter is set to ``False``, the video will be embedded and available in
the log file only.</doc>
<msg timestamp="20220530 12:37:26.531" level="INFO" html="true">&lt;a href="recording_4.webm"&gt;&lt;video width="800px" autoplay&gt;&lt;source src="recording_4.webm" type="video/webm"&gt;&lt;/video&gt;&lt;/a&gt;</msg>
<status status="PASS" starttime="20220530 12:37:26.472" endtime="20220530 12:37:26.532"/>
</kw>
<kw name="Close Browser" library="Browser">
<tag>BrowserControl</tag>
<tag>Setter</tag>
<doc>Closes the current browser.</doc>
<msg timestamp="20220530 12:37:27.074" level="INFO">Closed browser</msg>
<status status="PASS" starttime="20220530 12:37:26.532" endtime="20220530 12:37:27.074"/>
</kw>
<status status="PASS" starttime="20220530 12:37:26.313" endtime="20220530 12:37:27.075"/>
</kw>
<tag>Panel One</tag>
<status status="PASS" starttime="20220530 12:36:52.697" endtime="20220530 12:37:27.076"/>
</test>
<test id="s1-t2" name="Click Iframe Buttons">
<kw name="New Browser" library="Browser">
<arg>chromium</arg>
<arg>False</arg>
<tag>BrowserControl</tag>
<tag>Setter</tag>
<doc>Create a new playwright Browser with specified options.</doc>
<msg timestamp="20220530 12:37:27.090" level="INFO">{"browser": "chromium", "headless": false, "handleSIGINT": true, "handleSIGTERM": true, "handleSIGHUP": true, "timeout": 30000.0, "devtools": false, "slowMo": 0.0, "tracesDir": "C:\\qaninja\\automation\\testes\\browser\\browser\\traces\\cbaef000-4dd8-48a8-abea-89243f06360f"}</msg>
<msg timestamp="20220530 12:37:29.863" level="INFO">Successfully created browser with options: {"browser":"chromium","headless":false,"handleSIGINT":true,"handleSIGTERM":true,"handleSIGHUP":true,"timeout":30000,"devtools":false,"slowMo":0,"tracesDir":"C:\\qaninja\\automation\\testes\\browser\\browser\\traces\\cbaef000-4dd8-48a8-abea-89243f06360f"}</msg>
<status status="PASS" starttime="20220530 12:37:27.089" endtime="20220530 12:37:29.863"/>
</kw>
<kw name="Start Video Recording" library="ScreenCapLibrary">
<doc>Starts the recording of a video in the background with the specified ``name``.
The recording can be stopped by calling the `Stop Video Recording` keyword.</doc>
<msg timestamp="20220530 12:37:32.022" level="INFO">Automatically setting a fps of 9.5</msg>
<status status="PASS" starttime="20220530 12:37:29.868" endtime="20220530 12:37:32.025"/>
</kw>
<kw name="New Page" library="Browser">
<arg>https://wj-qa-automation-test.github.io/qa-test/buttons.html</arg>
<tag>BrowserControl</tag>
<tag>Setter</tag>
<doc>Open a new Page.</doc>
<msg timestamp="20220530 12:37:34.213" level="INFO">Successfully initialized new page object and opened url: https://wj-qa-automation-test.github.io/qa-test/buttons.html</msg>
<msg timestamp="20220530 12:37:34.213" level="INFO">No context was open. New context was automatically opened when this page is created.</msg>
<status status="PASS" starttime="20220530 12:37:32.026" endtime="20220530 12:37:34.214"/>
</kw>
<kw name="Click Iframe" library="base">
<kw name="Click" library="Browser">
<arg>//button[@id='btn_one']</arg>
<tag>PageContent</tag>
<tag>Setter</tag>
<doc>Simulates mouse click on the element found by ``selector``.</doc>
<status status="PASS" starttime="20220530 12:37:34.227" endtime="20220530 12:37:35.083"/>
</kw>
<kw name="Click" library="Browser">
<arg>//button[@id='btn_two']</arg>
<tag>PageContent</tag>
<tag>Setter</tag>
<doc>Simulates mouse click on the element found by ``selector``.</doc>
<status status="PASS" starttime="20220530 12:37:35.084" endtime="20220530 12:37:35.342"/>
</kw>
<kw name="Click" library="Browser">
<arg>//button[@id='btn_link']</arg>
<tag>PageContent</tag>
<tag>Setter</tag>
<doc>Simulates mouse click on the element found by ``selector``.</doc>
<status status="PASS" starttime="20220530 12:37:35.342" endtime="20220530 12:37:35.585"/>
</kw>
<status status="PASS" starttime="20220530 12:37:34.225" endtime="20220530 12:37:35.585"/>
</kw>
<kw name="Check Iframe" library="base">
<kw name="Get Style" library="Browser">
<arg>//button[@id='btn_one']</arg>
<arg>none</arg>
<tag>Assertion</tag>
<tag>Getter</tag>
<tag>PageContent</tag>
<doc>Gets the computed style properties of the element selected by ``selector``.</doc>
<msg timestamp="20220530 12:37:35.683" level="INFO">Value of key: none</msg>
<msg timestamp="20220530 12:37:35.683" level="INFO">Value of selected property: NOT_FOUND</msg>
<status status="PASS" starttime="20220530 12:37:35.586" endtime="20220530 12:37:35.684"/>
</kw>
<kw name="Get Style" library="Browser">
<arg>//button[@id='btn_two']</arg>
<arg>none</arg>
<tag>Assertion</tag>
<tag>Getter</tag>
<tag>PageContent</tag>
<doc>Gets the computed style properties of the element selected by ``selector``.</doc>
<msg timestamp="20220530 12:37:35.767" level="INFO">Value of key: none</msg>
<msg timestamp="20220530 12:37:35.767" level="INFO">Value of selected property: NOT_FOUND</msg>
<status status="PASS" starttime="20220530 12:37:35.684" endtime="20220530 12:37:35.767"/>
</kw>
<kw name="Get Style" library="Browser">
<arg>//button[@id='btn_link']</arg>
<arg>none</arg>
<tag>Assertion</tag>
<tag>Getter</tag>
<tag>PageContent</tag>
<doc>Gets the computed style properties of the element selected by ``selector``.</doc>
<msg timestamp="20220530 12:37:35.862" level="INFO">Value of key: none</msg>
<msg timestamp="20220530 12:37:35.862" level="INFO">Value of selected property: NOT_FOUND</msg>
<status status="PASS" starttime="20220530 12:37:35.767" endtime="20220530 12:37:35.862"/>
</kw>
<status status="PASS" starttime="20220530 12:37:35.586" endtime="20220530 12:37:35.863"/>
</kw>
<kw name="Sleep" library="BuiltIn">
<arg>2</arg>
<doc>Pauses the test executed for the given time.</doc>
<msg timestamp="20220530 12:37:37.868" level="INFO">Slept 2 seconds</msg>
<status status="PASS" starttime="20220530 12:37:35.864" endtime="20220530 12:37:37.868"/>
</kw>
<kw name="Close Session" library="base">
<kw name="Take Screenshot" library="ScreenCapLibrary">
<doc>Takes a screenshot in the specified format at library import and
embeds it into the log file (PNG by default).</doc>
<msg timestamp="20220530 12:37:38.008" level="INFO" html="true">&lt;a href="screenshot_5.png"&gt;&lt;img src="screenshot_5.png" width="800px"&gt;&lt;/a&gt;</msg>
<status status="PASS" starttime="20220530 12:37:37.870" endtime="20220530 12:37:38.008"/>
</kw>
<kw name="Stop Video Recording" library="ScreenCapLibrary">
<doc>Stops the video recording corresponding to the given ``alias`` and generates the file in WebM format. If no
``alias`` is specified, the last opened recording will be closed. If there are more recordings with the same
alias all of them will be closed. If ``embed`` argument was set to
``True`` the video will be displayed in the log file.
Furthermore, if the ``save_to_disk`` parameter is set to ``False``, the video will be embedded and available in
the log file only.</doc>
<msg timestamp="20220530 12:37:38.058" level="INFO" html="true">&lt;a href="recording_5.webm"&gt;&lt;video width="800px" autoplay&gt;&lt;source src="recording_5.webm" type="video/webm"&gt;&lt;/video&gt;&lt;/a&gt;</msg>
<status status="PASS" starttime="20220530 12:37:38.008" endtime="20220530 12:37:38.058"/>
</kw>
<kw name="Close Browser" library="Browser">
<tag>BrowserControl</tag>
<tag>Setter</tag>
<doc>Closes the current browser.</doc>
<msg timestamp="20220530 12:37:38.606" level="INFO">Closed browser</msg>
<status status="PASS" starttime="20220530 12:37:38.059" endtime="20220530 12:37:38.607"/>
</kw>
<status status="PASS" starttime="20220530 12:37:37.869" endtime="20220530 12:37:38.607"/>
</kw>
<tag>Iframe</tag>
<status status="PASS" starttime="20220530 12:37:27.083" endtime="20220530 12:37:38.609"/>
</test>
<test id="s1-t3" name="Fill Field">
<kw name="Open Session" library="base">
<kw name="New Browser" library="Browser">
<arg>chromium</arg>
<arg>False</arg>
<tag>BrowserControl</tag>
<tag>Setter</tag>
<doc>Create a new playwright Browser with specified options.</doc>
<msg timestamp="20220530 12:37:38.621" level="INFO">{"browser": "chromium", "headless": false, "handleSIGINT": true, "handleSIGTERM": true, "handleSIGHUP": true, "timeout": 30000.0, "devtools": false, "slowMo": 0.0, "tracesDir": "C:\\qaninja\\automation\\testes\\browser\\browser\\traces\\97117c85-514f-46fc-b66b-bcd9b3c010f9"}</msg>
<msg timestamp="20220530 12:37:41.387" level="INFO">Successfully created browser with options: {"browser":"chromium","headless":false,"handleSIGINT":true,"handleSIGTERM":true,"handleSIGHUP":true,"timeout":30000,"devtools":false,"slowMo":0,"tracesDir":"C:\\qaninja\\automation\\testes\\browser\\browser\\traces\\97117c85-514f-46fc-b66b-bcd9b3c010f9"}</msg>
<status status="PASS" starttime="20220530 12:37:38.619" endtime="20220530 12:37:41.387"/>
</kw>
<kw name="Start Video Recording" library="ScreenCapLibrary">
<doc>Starts the recording of a video in the background with the specified ``name``.
The recording can be stopped by calling the `Stop Video Recording` keyword.</doc>
<msg timestamp="20220530 12:37:43.515" level="INFO">Automatically setting a fps of 12.0</msg>
<status status="PASS" starttime="20220530 12:37:41.388" endtime="20220530 12:37:43.518"/>
</kw>
<kw name="New Page" library="Browser">
<arg>https://wj-qa-automation-test.github.io/qa-test/</arg>
<tag>BrowserControl</tag>
<tag>Setter</tag>
<doc>Open a new Page.</doc>
<msg timestamp="20220530 12:37:50.690" level="INFO">Successfully initialized new page object and opened url: https://wj-qa-automation-test.github.io/qa-test/</msg>
<msg timestamp="20220530 12:37:50.690" level="INFO">No context was open. New context was automatically opened when this page is created.</msg>
<status status="PASS" starttime="20220530 12:37:43.518" endtime="20220530 12:37:50.690"/>
</kw>
<status status="PASS" starttime="20220530 12:37:38.618" endtime="20220530 12:37:50.691"/>
</kw>
<kw name="Fill First Name" library="base">
<kw name="Get Element" library="Browser">
<arg>//div[contains(@id,'form_group')]//p//input[contains(@id,'first_name')]</arg>
<tag>Getter</tag>
<tag>PageContent</tag>
<doc>Returns a reference to a Playwright [https://playwright.dev/docs/api/class-locator|Locator].</doc>
<msg timestamp="20220530 12:37:50.769" level="INFO">Locator found successfully.</msg>
<status status="PASS" starttime="20220530 12:37:50.701" endtime="20220530 12:37:50.769"/>
</kw>
<kw name="Fill Text" library="Browser">
<arg>//div[contains(@id,'form_group')]//p//input[contains(@id,'first_name')]</arg>
<arg>Tiago</arg>
<tag>PageContent</tag>
<tag>Setter</tag>
<doc>Clears and fills the given ``txt`` into the text field found by ``selector``.</doc>
<msg timestamp="20220530 12:37:50.771" level="INFO">Fills the text 'Tiago' in the given field.</msg>
<status status="PASS" starttime="20220530 12:37:50.770" endtime="20220530 12:37:50.847"/>
</kw>
<status status="PASS" starttime="20220530 12:37:50.700" endtime="20220530 12:37:50.848"/>
</kw>
<kw name="Check Checkbox Three" library="base">
<kw name="Click" library="Browser">
<arg>//div[contains(@id,'panel_body_one')]//label[contains(.,'OptionThree')]</arg>
<tag>PageContent</tag>
<tag>Setter</tag>
<doc>Simulates mouse click on the element found by ``selector``.</doc>
<status status="PASS" starttime="20220530 12:37:50.855" endtime="20220530 12:37:50.995"/>
</kw>
<status status="PASS" starttime="20220530 12:37:50.854" endtime="20220530 12:37:50.997"/>
</kw>
<kw name="Select Dropdown" library="base">
<kw name="Click" library="Browser">
<arg>//div[contains(@id,'panel_body_one')]//select[contains(@id,'select_box')]</arg>
<tag>PageContent</tag>
<tag>Setter</tag>
<doc>Simulates mouse click on the element found by ``selector``.</doc>
<status status="PASS" starttime="20220530 12:37:51.002" endtime="20220530 12:37:51.261"/>
</kw>
<kw name="Select Options By" library="Browser">
<arg>//div[contains(@id,'panel_body_one')]//select[contains(@id,'select_box')]</arg>
<arg>value</arg>
<arg>option_three</arg>
<tag>PageContent</tag>
<tag>Setter</tag>
<doc>Selects options from select element found by ``selector``.</doc>
<status status="PASS" starttime="20220530 12:37:51.262" endtime="20220530 12:37:51.473"/>
</kw>
<status status="PASS" starttime="20220530 12:37:51.001" endtime="20220530 12:37:51.474"/>
</kw>
<kw name="Sleep" library="BuiltIn">
<arg>2</arg>
<doc>Pauses the test executed for the given time.</doc>
<msg timestamp="20220530 12:37:53.480" level="INFO">Slept 2 seconds</msg>
<status status="PASS" starttime="20220530 12:37:51.475" endtime="20220530 12:37:53.480"/>
</kw>
<kw name="Check Selenium Logo" library="base">
<kw name="Get Element" library="Browser">
<arg>//img[contains(@alt,'selenium')]</arg>
<tag>Getter</tag>
<tag>PageContent</tag>
<doc>Returns a reference to a Playwright [https://playwright.dev/docs/api/class-locator|Locator].</doc>
<msg timestamp="20220530 12:37:53.499" level="INFO">Locator found successfully.</msg>
<status status="PASS" starttime="20220530 12:37:53.482" endtime="20220530 12:37:53.500"/>
</kw>
<status status="PASS" starttime="20220530 12:37:53.481" endtime="20220530 12:37:53.500"/>
</kw>
<kw name="Sleep" library="BuiltIn">
<arg>2</arg>
<doc>Pauses the test executed for the given time.</doc>
<msg timestamp="20220530 12:37:55.512" level="INFO">Slept 2 seconds</msg>
<status status="PASS" starttime="20220530 12:37:53.502" endtime="20220530 12:37:55.512"/>
</kw>
<kw name="Close Session" library="base">
<kw name="Take Screenshot" library="ScreenCapLibrary">
<doc>Takes a screenshot in the specified format at library import and
embeds it into the log file (PNG by default).</doc>
<msg timestamp="20220530 12:37:55.639" level="INFO" html="true">&lt;a href="screenshot_6.png"&gt;&lt;img src="screenshot_6.png" width="800px"&gt;&lt;/a&gt;</msg>
<status status="PASS" starttime="20220530 12:37:55.514" endtime="20220530 12:37:55.639"/>
</kw>
<kw name="Stop Video Recording" library="ScreenCapLibrary">
<doc>Stops the video recording corresponding to the given ``alias`` and generates the file in WebM format. If no
``alias`` is specified, the last opened recording will be closed. If there are more recordings with the same
alias all of them will be closed. If ``embed`` argument was set to
``True`` the video will be displayed in the log file.
Furthermore, if the ``save_to_disk`` parameter is set to ``False``, the video will be embedded and available in
the log file only.</doc>
<msg timestamp="20220530 12:37:55.699" level="INFO" html="true">&lt;a href="recording_6.webm"&gt;&lt;video width="800px" autoplay&gt;&lt;source src="recording_6.webm" type="video/webm"&gt;&lt;/video&gt;&lt;/a&gt;</msg>
<status status="PASS" starttime="20220530 12:37:55.640" endtime="20220530 12:37:55.700"/>
</kw>
<kw name="Close Browser" library="Browser">
<tag>BrowserControl</tag>
<tag>Setter</tag>
<doc>Closes the current browser.</doc>
<msg timestamp="20220530 12:37:56.188" level="INFO">Closed browser</msg>
<status status="PASS" starttime="20220530 12:37:55.700" endtime="20220530 12:37:56.188"/>
</kw>
<status status="PASS" starttime="20220530 12:37:55.514" endtime="20220530 12:37:56.189"/>
</kw>
<tag>Fill</tag>
<status status="PASS" starttime="20220530 12:37:38.614" endtime="20220530 12:37:56.190"/>
</test>
<status status="PASS" starttime="20220530 12:36:49.545" endtime="20220530 12:37:56.196"/>
</suite>
<statistics>
<total>
<stat pass="3" fail="0" skip="0">All Tests</stat>
</total>
<tag>
<stat pass="1" fail="0" skip="0">Fill</stat>
<stat pass="1" fail="0" skip="0">Iframe</stat>
<stat pass="1" fail="0" skip="0">Panel One</stat>
</tag>
<suite>
<stat pass="3" fail="0" skip="0" id="s1" name="Click">Click</stat>
</suite>
</statistics>
<errors>
</errors>
</robot>
